
=== Wed Mar 13 19:11:04 2019

Packages were changed.
Update Mode: mergeDefaultDependencies

The following packages were updated:
  com.unity.collab-proxy from version 1.2.9 to 1.2.15
  com.unity.package-manager-ui from version 0.0.0-builtin to 2.1.1
  com.unity.timeline from version 0.0.0-builtin to 1.0.0

=== Sat Sep 28 18:08:13 2019

Packages were changed.
Update Mode: updateDependencies

The following packages were added:
  com.unity.2d.tilemap@1.0.0
  com.unity.test-framework@1.0.17
  com.unity.2d.sprite@1.0.0
  com.unity.ide.vscode@1.0.7
  com.unity.ide.rider@1.1.0
  com.unity.ugui@1.0.0
  com.unity.modules.androidjni@1.0.0
The following packages were updated:
  com.unity.analytics from version 3.2.2 to 3.3.2
  com.unity.mathematics from version 1.0.0-preview.1 to 1.1.0
  com.unity.textmeshpro from version 1.3.0 to 2.0.1
  com.unity.timeline from version 1.0.0 to 1.1.0
The following packages were removed:
  com.unity.package-manager-ui@2.1.1
